
  .   ____          _            __ _ _
 /\\ / ___'_ __ _ _(_)_ __  __ _ \ \ \ \
( ( )\___ | '_ | '_| | '_ \/ _` | \ \ \ \
 \\/  ___)| |_)| | | | | || (_| |  ) ) ) )
  '  |____| .__|_| |_|_| |_\__, | / / / /
 =========|_|==============|___/=/_/_/_/
 :: Spring Boot ::                (v3.2.5)

2026-05-04T13:18:39.973+05:30  INFO 16448 --- [           main] com.internship.tool.ToolApplication      : Starting ToolApplication v0.0.1-SNAPSHOT using Java 21.0.8 with PID 16448 (C:\Users\DELL\OneDrive\Desktop\regulatory-fine-estimator\backend\tool\target\tool-0.0.1-SNAPSHOT.jar started by DELL in c:\Users\DELL\OneDrive\Desktop\regulatory-fine-estimator\backend\tool)
2026-05-04T13:18:39.980+05:30  INFO 16448 --- [           main] com.internship.tool.ToolApplication      : No active profile set, falling back to 1 default profile: "default"
2026-05-04T13:18:46.365+05:30  INFO 16448 --- [           main] .s.d.r.c.RepositoryConfigurationDelegate : Multiple Spring Data modules found, entering strict repository configuration mode
2026-05-04T13:18:46.368+05:30  INFO 16448 --- [           main] .s.d.r.c.RepositoryConfigurationDelegate : Bootstrapping Spring Data JPA repositories in DEFAULT mode.
2026-05-04T13:18:46.949+05:30  INFO 16448 --- [           main] .s.d.r.c.RepositoryConfigurationDelegate : Finished Spring Data repository scanning in 564 ms. Found 4 JPA repository interfaces.
2026-05-04T13:18:47.006+05:30  INFO 16448 --- [           main] .s.d.r.c.RepositoryConfigurationDelegate : Multiple Spring Data modules found, entering strict repository configuration mode
2026-05-04T13:18:47.009+05:30  INFO 16448 --- [           main] .s.d.r.c.RepositoryConfigurationDelegate : Bootstrapping Spring Data Redis repositories in DEFAULT mode.
2026-05-04T13:18:47.077+05:30  INFO 16448 --- [           main] .RepositoryConfigurationExtensionSupport : Spring Data Redis - Could not safely identify store assignment for repository candidate interface com.internship.tool.repository.EmailNotificationLogRepository; If you want this repository to be a Redis repository, consider annotating your entities with one of these annotations: org.springframework.data.redis.core.RedisHash (preferred), or consider extending one of the following types with your repository: org.springframework.data.keyvalue.repository.KeyValueRepository
2026-05-04T13:18:47.077+05:30  INFO 16448 --- [           main] .RepositoryConfigurationExtensionSupport : Spring Data Redis - Could not safely identify store assignment for repository candidate interface com.internship.tool.repository.ProjectRepository; If you want this repository to be a Redis repository, consider annotating your entities with one of these annotations: org.springframework.data.redis.core.RedisHash (preferred), or consider extending one of the following types with your repository: org.springframework.data.keyvalue.repository.KeyValueRepository
2026-05-04T13:18:47.077+05:30  INFO 16448 --- [           main] .RepositoryConfigurationExtensionSupport : Spring Data Redis - Could not safely identify store assignment for repository candidate interface com.internship.tool.repository.RegulatoryViolationRepository; If you want this repository to be a Redis repository, consider annotating your entities with one of these annotations: org.springframework.data.redis.core.RedisHash (preferred), or consider extending one of the following types with your repository: org.springframework.data.keyvalue.repository.KeyValueRepository
2026-05-04T13:18:47.078+05:30  INFO 16448 --- [           main] .RepositoryConfigurationExtensionSupport : Spring Data Redis - Could not safely identify store assignment for repository candidate interface com.internship.tool.repository.UserRepository; If you want this repository to be a Redis repository, consider annotating your entities with one of these annotations: org.springframework.data.redis.core.RedisHash (preferred), or consider extending one of the following types with your repository: org.springframework.data.keyvalue.repository.KeyValueRepository
2026-05-04T13:18:47.078+05:30  INFO 16448 --- [           main] .s.d.r.c.RepositoryConfigurationDelegate : Finished Spring Data repository scanning in 12 ms. Found 0 Redis repository interfaces.
2026-05-04T13:18:51.762+05:30  INFO 16448 --- [           main] o.s.b.w.embedded.tomcat.TomcatWebServer  : Tomcat initialized with port 8080 (http)
2026-05-04T13:18:51.813+05:30  INFO 16448 --- [           main] o.apache.catalina.core.StandardService   : Starting service [Tomcat]
2026-05-04T13:18:51.813+05:30  INFO 16448 --- [           main] o.apache.catalina.core.StandardEngine    : Starting Servlet engine: [Apache Tomcat/10.1.20]
2026-05-04T13:18:51.935+05:30  INFO 16448 --- [           main] o.a.c.c.C.[Tomcat].[localhost].[/]       : Initializing Spring embedded WebApplicationContext
2026-05-04T13:18:51.937+05:30  INFO 16448 --- [           main] w.s.c.ServletWebServerApplicationContext : Root WebApplicationContext: initialization completed in 11574 ms
2026-05-04T13:18:53.006+05:30  INFO 16448 --- [           main] com.zaxxer.hikari.HikariDataSource       : HikariPool-1 - Starting...
2026-05-04T13:18:53.917+05:30  INFO 16448 --- [           main] com.zaxxer.hikari.pool.HikariPool        : HikariPool-1 - Added connection org.postgresql.jdbc.PgConnection@6dbbdf92
2026-05-04T13:18:53.921+05:30  INFO 16448 --- [           main] com.zaxxer.hikari.HikariDataSource       : HikariPool-1 - Start completed.
2026-05-04T13:18:54.306+05:30  INFO 16448 --- [           main] o.f.c.internal.license.VersionPrinter    : Flyway Community Edition 9.22.3 by Redgate
2026-05-04T13:18:54.306+05:30  INFO 16448 --- [           main] o.f.c.internal.license.VersionPrinter    : See release notes here: https://rd.gt/416ObMi
2026-05-04T13:18:54.307+05:30  INFO 16448 --- [           main] o.f.c.internal.license.VersionPrinter    : 
2026-05-04T13:18:54.371+05:30  INFO 16448 --- [           main] org.flywaydb.core.FlywayExecutor         : Database: jdbc:postgresql://localhost:5432/regdb (PostgreSQL 15.17)
2026-05-04T13:18:54.487+05:30  INFO 16448 --- [           main] o.f.c.i.s.JdbcTableSchemaHistory         : Repair of failed migration in Schema History table "public"."flyway_schema_history" not necessary. No failed migration detected.
2026-05-04T13:18:54.521+05:30  INFO 16448 --- [           main] o.f.core.internal.command.DbRepair       : Successfully repaired schema history table "public"."flyway_schema_history" (execution time 00:00.066s).
2026-05-04T13:18:54.743+05:30  INFO 16448 --- [           main] o.f.core.internal.command.DbValidate     : Successfully validated 2 migrations (execution time 00:00.007s)
2026-05-04T13:18:54.766+05:30  INFO 16448 --- [           main] o.f.core.internal.command.DbMigrate      : Current version of schema "public": 1
2026-05-04T13:18:54.803+05:30  INFO 16448 --- [           main] o.f.core.internal.command.DbMigrate      : Migrating schema "public" to version "3 - add email notifications"
2026-05-04T13:18:54.933+05:30  INFO 16448 --- [           main] o.f.core.internal.command.DbMigrate      : Successfully applied 1 migration to schema "public", now at version v3 (execution time 00:00.113s)
2026-05-04T13:18:55.370+05:30  INFO 16448 --- [           main] o.hibernate.jpa.internal.util.LogHelper  : HHH000204: Processing PersistenceUnitInfo [name: default]
2026-05-04T13:18:55.806+05:30  INFO 16448 --- [           main] org.hibernate.Version                    : HHH000412: Hibernate ORM core version 6.4.4.Final
2026-05-04T13:18:55.963+05:30  INFO 16448 --- [           main] o.h.c.internal.RegionFactoryInitiator    : HHH000026: Second-level cache disabled
2026-05-04T13:18:57.036+05:30  INFO 16448 --- [           main] o.s.o.j.p.SpringPersistenceUnitInfo      : No LoadTimeWeaver setup: ignoring JPA class transformer
2026-05-04T13:19:00.268+05:30  INFO 16448 --- [           main] o.h.e.t.j.p.i.JtaPlatformInitiator       : HHH000489: No JTA platform available (set 'hibernate.transaction.jta.platform' to enable JTA platform integration)
Hibernate: alter table if exists regulatory_violation alter column estimated_fine set data type numeric(38,2)
2026-05-04T13:19:00.460+05:30  INFO 16448 --- [           main] j.LocalContainerEntityManagerFactoryBean : Initialized JPA EntityManagerFactory for persistence unit 'default'
2026-05-04T13:19:04.327+05:30  INFO 16448 --- [           main] o.s.d.j.r.query.QueryEnhancerFactory     : Hibernate is in classpath; If applicable, HQL parser will be used.
2026-05-04T13:19:06.654+05:30  WARN 16448 --- [           main] ConfigServletWebServerApplicationContext : Exception encountered during context initialization - cancelling refresh attempt: org.springframework.beans.factory.BeanCreationException: Error creating bean with name 'scheduledEmailService' defined in URL [jar:nested:/C:/Users/DELL/OneDrive/Desktop/regulatory-fine-estimator/backend/tool/target/tool-0.0.1-SNAPSHOT.jar/!BOOT-INF/classes/!/com/internship/tool/service/ScheduledEmailService.class]: Encountered invalid @Scheduled method 'sendCriticalViolationAlerts': Cron expression must consist of 6 fields (found 5 in "0 */2 * * *")
2026-05-04T13:19:06.657+05:30  INFO 16448 --- [           main] j.LocalContainerEntityManagerFactoryBean : Closing JPA EntityManagerFactory for persistence unit 'default'
2026-05-04T13:19:06.660+05:30  INFO 16448 --- [           main] com.zaxxer.hikari.HikariDataSource       : HikariPool-1 - Shutdown initiated...
2026-05-04T13:19:06.742+05:30  INFO 16448 --- [           main] com.zaxxer.hikari.HikariDataSource       : HikariPool-1 - Shutdown completed.
2026-05-04T13:19:06.745+05:30  INFO 16448 --- [           main] o.apache.catalina.core.StandardService   : Stopping service [Tomcat]
2026-05-04T13:19:06.841+05:30  INFO 16448 --- [           main] .s.b.a.l.ConditionEvaluationReportLogger : 

Error starting ApplicationContext. To display the condition evaluation report re-run your application with 'debug' enabled.
2026-05-04T13:19:06.936+05:30 ERROR 16448 --- [           main] o.s.boot.SpringApplication               : Application run failed

org.springframework.beans.factory.BeanCreationException: Error creating bean with name 'scheduledEmailService' defined in URL [jar:nested:/C:/Users/DELL/OneDrive/Desktop/regulatory-fine-estimator/backend/tool/target/tool-0.0.1-SNAPSHOT.jar/!BOOT-INF/classes/!/com/internship/tool/service/ScheduledEmailService.class]: Encountered invalid @Scheduled method 'sendCriticalViolationAlerts': Cron expression must consist of 6 fields (found 5 in "0 */2 * * *")
	at org.springframework.beans.factory.support.AbstractAutowireCapableBeanFactory.doCreateBean(AbstractAutowireCapableBeanFactory.java:607) ~[spring-beans-6.1.6.jar!/:6.1.6]
	at org.springframework.beans.factory.support.AbstractAutowireCapableBeanFactory.createBean(AbstractAutowireCapableBeanFactory.java:522) ~[spring-beans-6.1.6.jar!/:6.1.6]
	at org.springframework.beans.factory.support.AbstractBeanFactory.lambda$doGetBean$0(AbstractBeanFactory.java:326) ~[spring-beans-6.1.6.jar!/:6.1.6]
	at org.springframework.beans.factory.support.DefaultSingletonBeanRegistry.getSingleton(DefaultSingletonBeanRegistry.java:234) ~[spring-beans-6.1.6.jar!/:6.1.6]
	at org.springframework.beans.factory.support.AbstractBeanFactory.doGetBean(AbstractBeanFactory.java:324) ~[spring-beans-6.1.6.jar!/:6.1.6]
	at org.springframework.beans.factory.support.AbstractBeanFactory.getBean(AbstractBeanFactory.java:200) ~[spring-beans-6.1.6.jar!/:6.1.6]
	at org.springframework.beans.factory.support.DefaultListableBeanFactory.preInstantiateSingletons(DefaultListableBeanFactory.java:975) ~[spring-beans-6.1.6.jar!/:6.1.6]
	at org.springframework.context.support.AbstractApplicationContext.finishBeanFactoryInitialization(AbstractApplicationContext.java:962) ~[spring-context-6.1.6.jar!/:6.1.6]
	at org.springframework.context.support.AbstractApplicationContext.refresh(AbstractApplicationContext.java:624) ~[spring-context-6.1.6.jar!/:6.1.6]
	at org.springframework.boot.web.servlet.context.ServletWebServerApplicationContext.refresh(ServletWebServerApplicationContext.java:146) ~[spring-boot-3.2.5.jar!/:3.2.5]
	at org.springframework.boot.SpringApplication.refresh(SpringApplication.java:754) ~[spring-boot-3.2.5.jar!/:3.2.5]
	at org.springframework.boot.SpringApplication.refreshContext(SpringApplication.java:456) ~[spring-boot-3.2.5.jar!/:3.2.5]
	at org.springframework.boot.SpringApplication.run(SpringApplication.java:334) ~[spring-boot-3.2.5.jar!/:3.2.5]
	at org.springframework.boot.SpringApplication.run(SpringApplication.java:1354) ~[spring-boot-3.2.5.jar!/:3.2.5]
	at org.springframework.boot.SpringApplication.run(SpringApplication.java:1343) ~[spring-boot-3.2.5.jar!/:3.2.5]
	at com.internship.tool.ToolApplication.main(ToolApplication.java:16) ~[!/:0.0.1-SNAPSHOT]
	at java.base/jdk.internal.reflect.DirectMethodHandleAccessor.invoke(DirectMethodHandleAccessor.java:103) ~[na:na]
	at java.base/java.lang.reflect.Method.invoke(Method.java:580) ~[na:na]
	at org.springframework.boot.loader.launch.Launcher.launch(Launcher.java:91) ~[tool-0.0.1-SNAPSHOT.jar:0.0.1-SNAPSHOT]
	at org.springframework.boot.loader.launch.Launcher.launch(Launcher.java:53) ~[tool-0.0.1-SNAPSHOT.jar:0.0.1-SNAPSHOT]
	at org.springframework.boot.loader.launch.JarLauncher.main(JarLauncher.java:58) ~[tool-0.0.1-SNAPSHOT.jar:0.0.1-SNAPSHOT]
Caused by: java.lang.IllegalStateException: Encountered invalid @Scheduled method 'sendCriticalViolationAlerts': Cron expression must consist of 6 fields (found 5 in "0 */2 * * *")
	at org.springframework.scheduling.annotation.ScheduledAnnotationBeanPostProcessor.processScheduledTask(ScheduledAnnotationBeanPostProcessor.java:513) ~[spring-context-6.1.6.jar!/:6.1.6]
	at org.springframework.scheduling.annotation.ScheduledAnnotationBeanPostProcessor.processScheduledSync(ScheduledAnnotationBeanPostProcessor.java:352) ~[spring-context-6.1.6.jar!/:6.1.6]
	at org.springframework.scheduling.annotation.ScheduledAnnotationBeanPostProcessor.processScheduled(ScheduledAnnotationBeanPostProcessor.java:331) ~[spring-context-6.1.6.jar!/:6.1.6]
	at org.springframework.scheduling.annotation.ScheduledAnnotationBeanPostProcessor.lambda$postProcessAfterInitialization$1(ScheduledAnnotationBeanPostProcessor.java:303) ~[spring-context-6.1.6.jar!/:6.1.6]
	at java.base/java.lang.Iterable.forEach(Iterable.java:75) ~[na:na]
	at org.springframework.scheduling.annotation.ScheduledAnnotationBeanPostProcessor.lambda$postProcessAfterInitialization$2(ScheduledAnnotationBeanPostProcessor.java:303) ~[spring-context-6.1.6.jar!/:6.1.6]
	at java.base/java.util.LinkedHashMap.forEach(LinkedHashMap.java:986) ~[na:na]
	at org.springframework.scheduling.annotation.ScheduledAnnotationBeanPostProcessor.postProcessAfterInitialization(ScheduledAnnotationBeanPostProcessor.java:302) ~[spring-context-6.1.6.jar!/:6.1.6]
	at org.springframework.beans.factory.support.AbstractAutowireCapableBeanFactory.applyBeanPostProcessorsAfterInitialization(AbstractAutowireCapableBeanFactory.java:438) ~[spring-beans-6.1.6.jar!/:6.1.6]
	at org.springframework.beans.factory.support.AbstractAutowireCapableBeanFactory.initializeBean(AbstractAutowireCapableBeanFactory.java:1789) ~[spring-beans-6.1.6.jar!/:6.1.6]
	at org.springframework.beans.factory.support.AbstractAutowireCapableBeanFactory.doCreateBean(AbstractAutowireCapableBeanFactory.java:600) ~[spring-beans-6.1.6.jar!/:6.1.6]
	... 20 common frames omitted

